\BOOKMARK [1][-]{section*.1}{\376\377\000T\000u\000e\000s\000d\000a\000y\000,\000\040\0008\000/\0002\0007\000/\0002\0000\0002\0004}{}% 1
\BOOKMARK [0][-]{chapter.1}{\376\377\000C\000h\000a\000p\000t\000e\000r\000\040\0001\000.\000\040\000T\000h\000e\000\040\000r\000i\000n\000g\000\040\000o\000f\000\040\000i\000n\000t\000e\000g\000e\000r\000s\000\040\000\040}{}% 2
\BOOKMARK [1][-]{section*.2}{\376\377\000T\000h\000u\000r\000s\000d\000a\000y\000,\000\040\0008\000/\0002\0009\000/\0002\0000\0002\0004}{chapter.1}% 3
\BOOKMARK [1][-]{section*.4}{\376\377\000T\000u\000e\000s\000d\000a\000y\000,\000\040\0009\000/\0003\000/\0002\0000\0002\0004}{chapter.1}% 4
\BOOKMARK [1][-]{section*.6}{\376\377\000T\000h\000u\000r\000s\000d\000a\000y\000,\000\040\0009\000/\0005\000/\0002\0000\0002\0004}{chapter.1}% 5
\BOOKMARK [0][-]{chapter.2}{\376\377\000C\000h\000a\000p\000t\000e\000r\000\040\0002\000.\000\040\000I\000d\000e\000a\000l\000s}{}% 6
\BOOKMARK [1][-]{section*.7}{\376\377\000T\000u\000e\000s\000d\000a\000y\000,\000\040\0009\000/\0001\0000\000/\0002\0000\0002\0004}{chapter.2}% 7
\BOOKMARK [1][-]{section*.9}{\376\377\000T\000h\000u\000r\000s\000d\000a\000y\000,\000\040\0009\000/\0001\0002\000/\0002\0000\0002\0004}{chapter.2}% 8
\BOOKMARK [1][-]{section*.10}{\376\377\000T\000u\000e\000s\000d\000a\000y\000,\000\040\0009\000/\0001\0007\000/\0002\0000\0002\0004}{chapter.2}% 9
\BOOKMARK [0][-]{chapter.3}{\376\377\000C\000h\000a\000p\000t\000e\000r\000\040\0003\000.\000\040\000L\000a\000t\000t\000i\000c\000e\000s}{}% 10
\BOOKMARK [1][-]{section*.12}{\376\377\000T\000h\000u\000r\000s\000d\000a\000y\000,\000\040\0009\000/\0001\0009\000/\0002\0000\0002\0004}{chapter.3}% 11
\BOOKMARK [0][-]{chapter.4}{\376\377\000C\000h\000a\000p\000t\000e\000r\000\040\0004\000.\000\040\000G\000e\000o\000m\000e\000t\000r\000y\000\040\000o\000f\000\040\000N\000u\000m\000b\000e\000r\000s}{}% 12
\BOOKMARK [1][-]{section*.13}{\376\377\000T\000u\000e\000s\000d\000a\000y\000,\000\040\0009\000/\0002\0004\000/\0002\0000\0002\0004}{chapter.4}% 13
\BOOKMARK [0][-]{chapter.5}{\376\377\000C\000h\000a\000p\000t\000e\000r\000\040\0005\000.\000\040\000T\000h\000e\000\040\000C\000l\000a\000s\000s\000\040\000N\000u\000m\000b\000e\000r}{}% 14
\BOOKMARK [1][-]{section*.14}{\376\377\000T\000h\000u\000r\000s\000d\000a\000y\000,\000\040\0009\000/\0002\0006\000/\0002\0000\0002\0004}{chapter.5}% 15
\BOOKMARK [0][-]{chapter.6}{\376\377\000C\000h\000a\000p\000t\000e\000r\000\040\0006\000.\000\040\000D\000i\000r\000i\000c\000h\000l\000e\000t\000'\000s\000\040\000T\000h\000e\000o\000r\000e\000m\000\040\000o\000n\000\040\000U\000n\000i\000t\000s}{}% 16
\BOOKMARK [1][-]{section*.15}{\376\377\000T\000u\000e\000s\000d\000a\000y\000,\000\040\0001\0000\000/\0001\000/\0002\0000\0002\0004}{chapter.6}% 17
\BOOKMARK [1][-]{section*.16}{\376\377\000T\000h\000u\000r\000s\000d\000a\000y\000,\000\040\0001\0000\000/\0003\000/\0002\0000\0002\0004}{chapter.6}% 18
\BOOKMARK [0][-]{chapter.7}{\376\377\000C\000h\000a\000p\000t\000e\000r\000\040\0007\000.\000\040\000E\000x\000t\000e\000n\000s\000i\000o\000n\000s\000\040\000o\000f\000\040\000D\000e\000d\000e\000k\000i\000n\000d\000\040\000D\000o\000m\000a\000i\000n\000s}{}% 19
\BOOKMARK [1][-]{section*.17}{\376\377\000T\000u\000e\000s\000d\000a\000y\000,\000\040\0001\0000\000/\0008\000/\0002\0000\0002\0004}{chapter.7}% 20
\BOOKMARK [0][-]{chapter.8}{\376\377\000C\000h\000a\000p\000t\000e\000r\000\040\0008\000.\000\040\000R\000a\000m\000i\000f\000i\000c\000a\000t\000i\000o\000n\000\040\000T\000h\000e\000o\000r\000y}{}% 21
\BOOKMARK [1][-]{section*.18}{\376\377\000T\000h\000u\000r\000s\000d\000a\000y\000,\000\040\0001\0000\000/\0001\0000\000/\0002\0000\0002\0004}{chapter.8}% 22
\BOOKMARK [1][-]{section*.19}{\376\377\000T\000u\000e\000s\000d\000a\000y\000,\000\040\0001\0000\000/\0001\0005\000/\0002\0000\0002\0004}{chapter.8}% 23
\BOOKMARK [0][-]{chapter.9}{\376\377\000C\000h\000a\000p\000t\000e\000r\000\040\0009\000.\000\040\000A\000b\000s\000o\000l\000u\000t\000e\000\040\000V\000a\000l\000u\000e\000s\000\040\000o\000n\000\040\000F\000i\000e\000l\000d\000s}{}% 24
\BOOKMARK [1][-]{section*.21}{\376\377\000T\000h\000u\000r\000s\000d\000a\000y\000,\000\040\0001\0000\000/\0001\0007\000/\0002\0000\0002\0004}{chapter.9}% 25
\BOOKMARK [1][-]{section*.23}{\376\377\000T\000u\000e\000s\000d\000a\000y\000,\000\040\0001\0000\000/\0002\0002\000/\0002\0000\0002\0004}{chapter.9}% 26
\BOOKMARK [1][-]{section*.25}{\376\377\000T\000h\000u\000r\000s\000d\000a\000y\000,\000\040\0001\0000\000/\0002\0004\000/\0002\0000\0002\0004}{chapter.9}% 27
\BOOKMARK [1][-]{section*.26}{\376\377\000T\000u\000e\000s\000d\000a\000y\000,\000\040\0001\0000\000/\0002\0009\000/\0002\0000\0002\0004}{chapter.9}% 28
\BOOKMARK [1][-]{section*.27}{\376\377\000T\000h\000u\000r\000s\000d\000a\000y\000,\000\040\0001\0000\000/\0003\0001\000/\0002\0000\0002\0004}{chapter.9}% 29
\BOOKMARK [0][-]{chapter.10}{\376\377\000C\000h\000a\000p\000t\000e\000r\000\040\0001\0000\000.\000\040\000R\000e\000s\000i\000d\000u\000e\000\040\000C\000l\000a\000s\000s\000\040\000D\000e\000g\000r\000e\000e\000\040\000a\000n\000d\000\040\000R\000a\000m\000i\000f\000i\000c\000a\000t\000i\000o\000n\000\040\000I\000n\000d\000e\000x}{}% 30
\BOOKMARK [1][-]{section*.28}{\376\377\000T\000u\000e\000s\000d\000a\000y\000,\000\040\0001\0001\000/\0005\000/\0002\0000\0002\0004}{chapter.10}% 31
\BOOKMARK [1][-]{section*.29}{\376\377\000T\000h\000u\000r\000s\000d\000a\000y\000,\000\040\0001\0001\000/\0007\000/\0002\0000\0002\0004}{chapter.10}% 32
\BOOKMARK [1][-]{section*.30}{\376\377\000T\000u\000e\000s\000d\000a\000y\000,\000\040\0001\0001\000/\0001\0002\000/\0002\0000\0002\0004}{chapter.10}% 33
\BOOKMARK [1][-]{section*.31}{\376\377\000T\000h\000u\000r\000s\000d\000a\000y\000,\000\040\0001\0001\000/\0001\0004\000/\0002\0000\0002\0004}{chapter.10}% 34
\BOOKMARK [0][-]{chapter.11}{\376\377\000C\000h\000a\000p\000t\000e\000r\000\040\0001\0001\000.\000\040\000L\000o\000c\000a\000l\000\040\000F\000i\000e\000l\000d\000s}{}% 35
\BOOKMARK [1][-]{section*.32}{\376\377\000T\000u\000e\000s\000d\000a\000y\000,\000\040\0001\0001\000/\0001\0009\000/\0002\0000\0002\0004}{chapter.11}% 36
\BOOKMARK [1][-]{section*.33}{\376\377\000T\000h\000u\000r\000s\000d\000a\000y\000,\000\040\0001\0001\000/\0002\0001\000/\0002\0000\0002\0004}{chapter.11}% 37
\BOOKMARK [0][-]{chapter.12}{\376\377\000C\000h\000a\000p\000t\000e\000r\000\040\0001\0002\000.\000\040\000L\000u\000b\000i\000n\000-\000T\000a\000t\000e\000\040\000T\000h\000e\000o\000r\000y}{}% 38
\BOOKMARK [1][-]{section*.34}{\376\377\000F\000o\000r\000m\000a\000l\000\040\000G\000r\000o\000u\000p\000s}{chapter.12}% 39
\BOOKMARK [1][-]{section*.35}{\376\377\000T\000u\000e\000s\000d\000a\000y\000,\000\040\0001\0002\000/\0003\000/\0002\0000\0002\0004}{chapter.12}% 40
\BOOKMARK [1][-]{section*.36}{\376\377\000T\000h\000u\000r\000s\000d\000a\000y\000,\000\040\0001\0002\000/\0005\000/\0002\0000\0002\0004}{chapter.12}% 41
\BOOKMARK [1][-]{section*.37}{\376\377\000T\000u\000e\000s\000d\000a\000y\000,\000\040\0001\0002\000/\0001\0000\000/\0002\0000\0002\0004}{chapter.12}% 42
\BOOKMARK [1][-]{section*.39}{\376\377\000T\000h\000u\000r\000s\000d\000a\000y\000,\000\040\0001\0002\000/\0001\0002\000/\0002\0000\0002\0004}{chapter.12}% 43
